01/21/2021 09:03:51 PM Create table
01/21/2021 09:03:51 PM Open db, read line by line
01/21/2021 09:03:51 PM if a table is find, delete it
01/21/2021 09:03:51 PM Create the structure, lines and columns..
01/21/2021 09:03:51 PM We create an object wich contain two str table value
01/21/2021 09:03:51 PM Import DATA TAM file
01/21/2021 09:03:51 PM waiting time before the next trip for a stop, line and destinaton.
01/21/2021 09:03:51 PM Defind the next 3 trains or bus for a stop
01/21/2021 09:03:51 PM definition off the differents elements given in the command line:
01/21/2021 09:03:51 PM fonction corps du programme
01/21/2021 09:04:12 PM Create table
01/21/2021 09:04:12 PM Open db, read line by line
01/21/2021 09:04:12 PM if a table is find, delete it
01/21/2021 09:04:12 PM Create the structure, lines and columns..
01/21/2021 09:04:12 PM We create an object wich contain two str table value
01/21/2021 09:04:12 PM Import DATA TAM file
01/21/2021 09:04:12 PM waiting time before the next trip for a stop, line and destinaton.
01/21/2021 09:04:12 PM Defind the next 3 trains or bus for a stop
01/21/2021 09:04:12 PM definition off the differents elements given in the command line:
01/21/2021 09:04:12 PM fonction corps du programme
01/21/2021 09:04:35 PM Create table
01/21/2021 09:04:35 PM Open db, read line by line
01/21/2021 09:04:35 PM if a table is find, delete it
01/21/2021 09:04:35 PM Create the structure, lines and columns..
01/21/2021 09:04:35 PM We create an object wich contain two str table value
01/21/2021 09:04:35 PM Import DATA TAM file
01/21/2021 09:04:35 PM waiting time before the next trip for a stop, line and destinaton.
01/21/2021 09:04:35 PM Defind the next 3 trains or bus for a stop
01/21/2021 09:04:35 PM definition off the differents elements given in the command line:
01/21/2021 09:04:35 PM fonction corps du programme
01/21/2021 09:05:55 PM Create table
01/21/2021 09:05:55 PM Open db, read line by line
01/21/2021 09:05:55 PM if a table is find, delete it
01/21/2021 09:05:55 PM Create the structure, lines and columns..
01/21/2021 09:05:55 PM We create an object wich contain two str table value
01/21/2021 09:05:55 PM Import DATA TAM file
01/21/2021 09:05:55 PM waiting time before the next trip for a stop, line and destinaton.
01/21/2021 09:05:55 PM Defind the next 3 trains or bus for a stop
01/21/2021 09:05:55 PM definition off the differents elements given in the command line:
01/21/2021 09:05:55 PM fonction corps du programme
01/21/2021 09:11:17 PM Create table
01/21/2021 09:11:17 PM Open db, read line by line
01/21/2021 09:11:17 PM if a table is find, delete it
01/21/2021 09:11:17 PM Create the structure, lines and columns..
01/21/2021 09:11:17 PM We create an object wich contain two str table value
01/21/2021 09:11:17 PM Import DATA TAM file
01/21/2021 09:11:17 PM waiting time before the next trip for a stop, line and destinaton.
01/21/2021 09:11:17 PM Defind the next 3 trains or bus for a stop
01/21/2021 09:11:17 PM definition off the differents elements given in the command line:
01/21/2021 09:11:17 PM fonction corps du programme
01/21/2021 09:35:36 PM Create table
01/21/2021 09:35:36 PM Open db, read line by line
01/21/2021 09:35:36 PM if a table is find, delete it
01/21/2021 09:35:36 PM Create the structure, lines and columns..
01/21/2021 09:35:36 PM We create an object wich contain two str table value
01/21/2021 09:35:36 PM Import DATA TAM file
01/21/2021 09:35:36 PM waiting time before the next trip for a stop, line and destinaton.
01/21/2021 09:35:36 PM Defind the next 3 trains or bus for a stop
01/21/2021 09:35:36 PM definition off the differents elements given in the command line:
01/21/2021 09:35:36 PM fonction corps du programme
01/21/2021 09:45:47 PM Create table
01/21/2021 09:45:47 PM Open db, read line by line
01/21/2021 09:45:47 PM if a table is find, delete it
01/21/2021 09:45:47 PM Create the structure, lines and columns..
01/21/2021 09:45:47 PM We create an object wich contain two str table value
01/21/2021 09:45:47 PM Import DATA TAM file
01/21/2021 09:45:47 PM waiting time before the next trip for a stop, line and destinaton.
01/21/2021 09:45:47 PM Defind the next 3 trains or bus for a stop
01/21/2021 09:45:47 PM definition off the differents elements given in the command line:
01/21/2021 09:45:47 PM fonction corps du programme
01/21/2021 09:50:33 PM Create table
01/21/2021 09:50:33 PM Open db, read line by line
01/21/2021 09:50:33 PM if a table is find, delete it
01/21/2021 09:50:33 PM Create the structure, lines and columns..
01/21/2021 09:50:33 PM We create an object wich contain two str table value
01/21/2021 09:50:33 PM Import DATA TAM file
01/21/2021 09:50:33 PM waiting time before the next trip for a stop, line and destinaton.
01/21/2021 09:50:33 PM Defind the next 3 trains or bus for a stop
01/21/2021 09:50:33 PM definition off the differents elements given in the command line:
01/21/2021 09:50:33 PM fonction corps du programme
01/21/2021 09:56:46 PM Create table
01/21/2021 09:56:46 PM Open db, read line by line
01/21/2021 09:56:46 PM if a table is find, delete it
01/21/2021 09:56:46 PM Create the structure, lines and columns..
01/21/2021 09:56:46 PM We create an object wich contain two str table value
01/21/2021 09:56:46 PM Import DATA TAM file
01/21/2021 09:56:46 PM waiting time before the next trip for a stop, line and destinaton.
01/21/2021 09:56:46 PM Defind the next 3 trains or bus for a stop
01/21/2021 09:56:46 PM definition off the differents elements given in the command line:
01/21/2021 09:56:46 PM fonction corps du programme
